<?xml version="1.0" encoding="UTF-8"?>
<testsuite xmlns:xsi="http://www.w3.org/2001/XMLSchema-instance" xsi:noNamespaceSchemaLocation="https://maven.apache.org/surefire/maven-surefire-plugin/xsd/surefire-test-report.xsd" version="3.0.2" name="com.GHOST.ThreadLocalTest" time="0.005" tests="1" errors="0" skipped="0" failures="0">
  <properties>
    <property name="java.specification.version" value="17"/>
    <property name="sun.cpu.isalist" value="amd64"/>
    <property name="sun.jnu.encoding" value="GBK"/>
    <property name="java.class.path" value="D:\Project\SecondHandHub\backend\second_hand\target\test-classes;D:\Project\SecondHandHub\backend\second_hand\target\classes;D:\maven\apache-maven-3.9.9\repo\org\springframework\boot\spring-boot-starter-web\3.4.3\spring-boot-starter-web-3.4.3.jar;D:\maven\apache-maven-3.9.9\repo\org\springframework\boot\spring-boot-starter\3.4.3\spring-boot-starter-3.4.3.jar;D:\maven\apache-maven-3.9.9\repo\org\springframework\boot\spring-boot\3.4.3\spring-boot-3.4.3.jar;D:\maven\apache-maven-3.9.9\repo\org\springframework\boot\spring-boot-autoconfigure\3.4.3\spring-boot-autoconfigure-3.4.3.jar;D:\maven\apache-maven-3.9.9\repo\org\springframework\boot\spring-boot-starter-logging\3.4.3\spring-boot-starter-logging-3.4.3.jar;D:\maven\apache-maven-3.9.9\repo\ch\qos\logback\logback-classic\1.5.16\logback-classic-1.5.16.jar;D:\maven\apache-maven-3.9.9\repo\ch\qos\logback\logback-core\1.5.16\logback-core-1.5.16.jar;D:\maven\apache-maven-3.9.9\repo\org\apache\logging\log4j\log4j-to-slf4j\2.24.3\log4j-to-slf4j-2.24.3.jar;D:\maven\apache-maven-3.9.9\repo\org\apache\logging\log4j\log4j-api\2.24.3\log4j-api-2.24.3.jar;D:\maven\apache-maven-3.9.9\repo\org\slf4j\jul-to-slf4j\2.0.16\jul-to-slf4j-2.0.16.jar;D:\maven\apache-maven-3.9.9\repo\jakarta\annotation\jakarta.annotation-api\2.1.1\jakarta.annotation-api-2.1.1.jar;D:\maven\apache-maven-3.9.9\repo\org\yaml\snakeyaml\2.3\snakeyaml-2.3.jar;D:\maven\apache-maven-3.9.9\repo\org\springframework\boot\spring-boot-starter-json\3.4.3\spring-boot-starter-json-3.4.3.jar;D:\maven\apache-maven-3.9.9\repo\com\fasterxml\jackson\datatype\jackson-datatype-jdk8\2.18.2\jackson-datatype-jdk8-2.18.2.jar;D:\maven\apache-maven-3.9.9\repo\com\fasterxml\jackson\datatype\jackson-datatype-jsr310\2.18.2\jackson-datatype-jsr310-2.18.2.jar;D:\maven\apache-maven-3.9.9\repo\com\fasterxml\jackson\module\jackson-module-parameter-names\2.18.2\jackson-module-parameter-names-2.18.2.jar;D:\maven\apache-maven-3.9.9\repo\org\springframework\boot\spring-boot-starter-tomcat\3.4.3\spring-boot-starter-tomcat-3.4.3.jar;D:\maven\apache-maven-3.9.9\repo\org\apache\tomcat\embed\tomcat-embed-core\10.1.36\tomcat-embed-core-10.1.36.jar;D:\maven\apache-maven-3.9.9\repo\org\apache\tomcat\embed\tomcat-embed-websocket\10.1.36\tomcat-embed-websocket-10.1.36.jar;D:\maven\apache-maven-3.9.9\repo\org\springframework\spring-web\6.2.3\spring-web-6.2.3.jar;D:\maven\apache-maven-3.9.9\repo\org\springframework\spring-beans\6.2.3\spring-beans-6.2.3.jar;D:\maven\apache-maven-3.9.9\repo\io\micrometer\micrometer-observation\1.14.4\micrometer-observation-1.14.4.jar;D:\maven\apache-maven-3.9.9\repo\io\micrometer\micrometer-commons\1.14.4\micrometer-commons-1.14.4.jar;D:\maven\apache-maven-3.9.9\repo\org\springframework\spring-webmvc\6.2.3\spring-webmvc-6.2.3.jar;D:\maven\apache-maven-3.9.9\repo\org\springframework\spring-aop\6.2.3\spring-aop-6.2.3.jar;D:\maven\apache-maven-3.9.9\repo\org\springframework\spring-context\6.2.3\spring-context-6.2.3.jar;D:\maven\apache-maven-3.9.9\repo\org\springframework\spring-expression\6.2.3\spring-expression-6.2.3.jar;D:\maven\apache-maven-3.9.9\repo\org\mybatis\spring\boot\mybatis-spring-boot-starter\3.0.4\mybatis-spring-boot-starter-3.0.4.jar;D:\maven\apache-maven-3.9.9\repo\org\springframework\boot\spring-boot-starter-jdbc\3.4.3\spring-boot-starter-jdbc-3.4.3.jar;D:\maven\apache-maven-3.9.9\repo\com\zaxxer\HikariCP\5.1.0\HikariCP-5.1.0.jar;D:\maven\apache-maven-3.9.9\repo\org\springframework\spring-jdbc\6.2.3\spring-jdbc-6.2.3.jar;D:\maven\apache-maven-3.9.9\repo\org\mybatis\spring\boot\mybatis-spring-boot-autoconfigure\3.0.4\mybatis-spring-boot-autoconfigure-3.0.4.jar;D:\maven\apache-maven-3.9.9\repo\org\mybatis\mybatis\3.5.17\mybatis-3.5.17.jar;D:\maven\apache-maven-3.9.9\repo\org\mybatis\mybatis-spring\3.0.4\mybatis-spring-3.0.4.jar;D:\maven\apache-maven-3.9.9\repo\com\mysql\mysql-connector-j\9.1.0\mysql-connector-j-9.1.0.jar;D:\maven\apache-maven-3.9.9\repo\org\projectlombok\lombok\1.18.36\lombok-1.18.36.jar;D:\maven\apache-maven-3.9.9\repo\org\springframework\boot\spring-boot-starter-validation\3.4.3\spring-boot-starter-validation-3.4.3.jar;D:\maven\apache-maven-3.9.9\repo\org\apache\tomcat\embed\tomcat-embed-el\10.1.36\tomcat-embed-el-10.1.36.jar;D:\maven\apache-maven-3.9.9\repo\org\hibernate\validator\hibernate-validator\8.0.2.Final\hibernate-validator-8.0.2.Final.jar;D:\maven\apache-maven-3.9.9\repo\jakarta\validation\jakarta.validation-api\3.0.2\jakarta.validation-api-3.0.2.jar;D:\maven\apache-maven-3.9.9\repo\org\jboss\logging\jboss-logging\3.6.1.Final\jboss-logging-3.6.1.Final.jar;D:\maven\apache-maven-3.9.9\repo\com\fasterxml\classmate\1.7.0\classmate-1.7.0.jar;D:\maven\apache-maven-3.9.9\repo\com\auth0\java-jwt\4.4.0\java-jwt-4.4.0.jar;D:\maven\apache-maven-3.9.9\repo\com\fasterxml\jackson\core\jackson-databind\2.18.2\jackson-databind-2.18.2.jar;D:\maven\apache-maven-3.9.9\repo\com\fasterxml\jackson\core\jackson-annotations\2.18.2\jackson-annotations-2.18.2.jar;D:\maven\apache-maven-3.9.9\repo\com\fasterxml\jackson\core\jackson-core\2.18.2\jackson-core-2.18.2.jar;D:\maven\apache-maven-3.9.9\repo\org\springframework\boot\spring-boot-starter-test\3.4.3\spring-boot-starter-test-3.4.3.jar;D:\maven\apache-maven-3.9.9\repo\org\springframework\boot\spring-boot-test\3.4.3\spring-boot-test-3.4.3.jar;D:\maven\apache-maven-3.9.9\repo\org\springframework\boot\spring-boot-test-autoconfigure\3.4.3\spring-boot-test-autoconfigure-3.4.3.jar;D:\maven\apache-maven-3.9.9\repo\com\jayway\jsonpath\json-path\2.9.0\json-path-2.9.0.jar;D:\maven\apache-maven-3.9.9\repo\org\slf4j\slf4j-api\2.0.16\slf4j-api-2.0.16.jar;D:\maven\apache-maven-3.9.9\repo\jakarta\xml\bind\jakarta.xml.bind-api\4.0.2\jakarta.xml.bind-api-4.0.2.jar;D:\maven\apache-maven-3.9.9\repo\jakarta\activation\jakarta.activation-api\2.1.3\jakarta.activation-api-2.1.3.jar;D:\maven\apache-maven-3.9.9\repo\net\minidev\json-smart\2.5.2\json-smart-2.5.2.jar;D:\maven\apache-maven-3.9.9\repo\net\minidev\accessors-smart\2.5.2\accessors-smart-2.5.2.jar;D:\maven\apache-maven-3.9.9\repo\org\ow2\asm\asm\9.7.1\asm-9.7.1.jar;D:\maven\apache-maven-3.9.9\repo\org\assertj\assertj-core\3.26.3\assertj-core-3.26.3.jar;D:\maven\apache-maven-3.9.9\repo\net\bytebuddy\byte-buddy\1.15.11\byte-buddy-1.15.11.jar;D:\maven\apache-maven-3.9.9\repo\org\awaitility\awaitility\4.2.2\awaitility-4.2.2.jar;D:\maven\apache-maven-3.9.9\repo\org\hamcrest\hamcrest\2.2\hamcrest-2.2.jar;D:\maven\apache-maven-3.9.9\repo\org\junit\jupiter\junit-jupiter\5.11.4\junit-jupiter-5.11.4.jar;D:\maven\apache-maven-3.9.9\repo\org\junit\jupiter\junit-jupiter-api\5.11.4\junit-jupiter-api-5.11.4.jar;D:\maven\apache-maven-3.9.9\repo\org\opentest4j\opentest4j\1.3.0\opentest4j-1.3.0.jar;D:\maven\apache-maven-3.9.9\repo\org\junit\platform\junit-platform-commons\1.11.4\junit-platform-commons-1.11.4.jar;D:\maven\apache-maven-3.9.9\repo\org\apiguardian\apiguardian-api\1.1.2\apiguardian-api-1.1.2.jar;D:\maven\apache-maven-3.9.9\repo\org\junit\jupiter\junit-jupiter-params\5.11.4\junit-jupiter-params-5.11.4.jar;D:\maven\apache-maven-3.9.9\repo\org\junit\jupiter\junit-jupiter-engine\5.11.4\junit-jupiter-engine-5.11.4.jar;D:\maven\apache-maven-3.9.9\repo\org\junit\platform\junit-platform-engine\1.11.4\junit-platform-engine-1.11.4.jar;D:\maven\apache-maven-3.9.9\repo\org\mockito\mockito-core\5.14.2\mockito-core-5.14.2.jar;D:\maven\apache-maven-3.9.9\repo\net\bytebuddy\byte-buddy-agent\1.15.11\byte-buddy-agent-1.15.11.jar;D:\maven\apache-maven-3.9.9\repo\org\objenesis\objenesis\3.3\objenesis-3.3.jar;D:\maven\apache-maven-3.9.9\repo\org\mockito\mockito-junit-jupiter\5.14.2\mockito-junit-jupiter-5.14.2.jar;D:\maven\apache-maven-3.9.9\repo\org\skyscreamer\jsonassert\1.5.3\jsonassert-1.5.3.jar;D:\maven\apache-maven-3.9.9\repo\com\vaadin\external\google\android-json\0.0.20131108.vaadin1\android-json-0.0.20131108.vaadin1.jar;D:\maven\apache-maven-3.9.9\repo\org\springframework\spring-core\6.2.3\spring-core-6.2.3.jar;D:\maven\apache-maven-3.9.9\repo\org\springframework\spring-jcl\6.2.3\spring-jcl-6.2.3.jar;D:\maven\apache-maven-3.9.9\repo\org\springframework\spring-test\6.2.3\spring-test-6.2.3.jar;D:\maven\apache-maven-3.9.9\repo\org\xmlunit\xmlunit-core\2.10.0\xmlunit-core-2.10.0.jar;D:\maven\apache-maven-3.9.9\repo\com\github\pagehelper\pagehelper-spring-boot-starter\1.4.7\pagehelper-spring-boot-starter-1.4.7.jar;D:\maven\apache-maven-3.9.9\repo\com\github\pagehelper\pagehelper-spring-boot-autoconfigure\1.4.7\pagehelper-spring-boot-autoconfigure-1.4.7.jar;D:\maven\apache-maven-3.9.9\repo\com\github\pagehelper\pagehelper\5.3.3\pagehelper-5.3.3.jar;D:\maven\apache-maven-3.9.9\repo\com\github\jsqlparser\jsqlparser\4.5\jsqlparser-4.5.jar;D:\maven\apache-maven-3.9.9\repo\org\springframework\boot\spring-boot-starter-data-redis\3.4.3\spring-boot-starter-data-redis-3.4.3.jar;D:\maven\apache-maven-3.9.9\repo\io\lettuce\lettuce-core\6.4.2.RELEASE\lettuce-core-6.4.2.RELEASE.jar;D:\maven\apache-maven-3.9.9\repo\io\netty\netty-common\4.1.118.Final\netty-common-4.1.118.Final.jar;D:\maven\apache-maven-3.9.9\repo\io\netty\netty-handler\4.1.118.Final\netty-handler-4.1.118.Final.jar;D:\maven\apache-maven-3.9.9\repo\io\netty\netty-resolver\4.1.118.Final\netty-resolver-4.1.118.Final.jar;D:\maven\apache-maven-3.9.9\repo\io\netty\netty-buffer\4.1.118.Final\netty-buffer-4.1.118.Final.jar;D:\maven\apache-maven-3.9.9\repo\io\netty\netty-transport-native-unix-common\4.1.118.Final\netty-transport-native-unix-common-4.1.118.Final.jar;D:\maven\apache-maven-3.9.9\repo\io\netty\netty-codec\4.1.118.Final\netty-codec-4.1.118.Final.jar;D:\maven\apache-maven-3.9.9\repo\io\netty\netty-transport\4.1.118.Final\netty-transport-4.1.118.Final.jar;D:\maven\apache-maven-3.9.9\repo\io\projectreactor\reactor-core\3.7.3\reactor-core-3.7.3.jar;D:\maven\apache-maven-3.9.9\repo\org\reactivestreams\reactive-streams\1.0.4\reactive-streams-1.0.4.jar;D:\maven\apache-maven-3.9.9\repo\org\springframework\data\spring-data-redis\3.4.3\spring-data-redis-3.4.3.jar;D:\maven\apache-maven-3.9.9\repo\org\springframework\data\spring-data-keyvalue\3.4.3\spring-data-keyvalue-3.4.3.jar;D:\maven\apache-maven-3.9.9\repo\org\springframework\data\spring-data-commons\3.4.3\spring-data-commons-3.4.3.jar;D:\maven\apache-maven-3.9.9\repo\org\springframework\spring-tx\6.2.3\spring-tx-6.2.3.jar;D:\maven\apache-maven-3.9.9\repo\org\springframework\spring-oxm\6.2.3\spring-oxm-6.2.3.jar;D:\maven\apache-maven-3.9.9\repo\org\springframework\spring-context-support\6.2.3\spring-context-support-6.2.3.jar;"/>
    <property name="java.vm.vendor" value="Microsoft"/>
    <property name="sun.arch.data.model" value="64"/>
    <property name="user.variant" value=""/>
    <property name="java.vendor.url" value="https://www.microsoft.com"/>
    <property name="user.timezone" value="Asia/Shanghai"/>
    <property name="org.jboss.logging.provider" value="slf4j"/>
    <property name="os.name" value="Windows 11"/>
    <property name="java.vm.specification.version" value="17"/>
    <property name="sun.java.launcher" value="SUN_STANDARD"/>
    <property name="user.country" value="CN"/>
    <property name="sun.boot.library.path" value="C:\Program Files\Microsoft\jdk-17.0.8.101-hotspot\bin"/>
    <property name="sun.java.command" value="C:\Users\GHOST\AppData\Local\Temp\surefire5288626919289895269\surefirebooter-20250304003328367_3.jar C:\Users\GHOST\AppData\Local\Temp\surefire5288626919289895269 2025-03-04T00-33-28_170-jvmRun1 surefire-20250304003328367_1tmp surefire_0-20250304003328367_2tmp"/>
    <property name="jdk.debug" value="release"/>
    <property name="surefire.test.class.path" value="D:\Project\SecondHandHub\backend\second_hand\target\test-classes;D:\Project\SecondHandHub\backend\second_hand\target\classes;D:\maven\apache-maven-3.9.9\repo\org\springframework\boot\spring-boot-starter-web\3.4.3\spring-boot-starter-web-3.4.3.jar;D:\maven\apache-maven-3.9.9\repo\org\springframework\boot\spring-boot-starter\3.4.3\spring-boot-starter-3.4.3.jar;D:\maven\apache-maven-3.9.9\repo\org\springframework\boot\spring-boot\3.4.3\spring-boot-3.4.3.jar;D:\maven\apache-maven-3.9.9\repo\org\springframework\boot\spring-boot-autoconfigure\3.4.3\spring-boot-autoconfigure-3.4.3.jar;D:\maven\apache-maven-3.9.9\repo\org\springframework\boot\spring-boot-starter-logging\3.4.3\spring-boot-starter-logging-3.4.3.jar;D:\maven\apache-maven-3.9.9\repo\ch\qos\logback\logback-classic\1.5.16\logback-classic-1.5.16.jar;D:\maven\apache-maven-3.9.9\repo\ch\qos\logback\logback-core\1.5.16\logback-core-1.5.16.jar;D:\maven\apache-maven-3.9.9\repo\org\apache\logging\log4j\log4j-to-slf4j\2.24.3\log4j-to-slf4j-2.24.3.jar;D:\maven\apache-maven-3.9.9\repo\org\apache\logging\log4j\log4j-api\2.24.3\log4j-api-2.24.3.jar;D:\maven\apache-maven-3.9.9\repo\org\slf4j\jul-to-slf4j\2.0.16\jul-to-slf4j-2.0.16.jar;D:\maven\apache-maven-3.9.9\repo\jakarta\annotation\jakarta.annotation-api\2.1.1\jakarta.annotation-api-2.1.1.jar;D:\maven\apache-maven-3.9.9\repo\org\yaml\snakeyaml\2.3\snakeyaml-2.3.jar;D:\maven\apache-maven-3.9.9\repo\org\springframework\boot\spring-boot-starter-json\3.4.3\spring-boot-starter-json-3.4.3.jar;D:\maven\apache-maven-3.9.9\repo\com\fasterxml\jackson\datatype\jackson-datatype-jdk8\2.18.2\jackson-datatype-jdk8-2.18.2.jar;D:\maven\apache-maven-3.9.9\repo\com\fasterxml\jackson\datatype\jackson-datatype-jsr310\2.18.2\jackson-datatype-jsr310-2.18.2.jar;D:\maven\apache-maven-3.9.9\repo\com\fasterxml\jackson\module\jackson-module-parameter-names\2.18.2\jackson-module-parameter-names-2.18.2.jar;D:\maven\apache-maven-3.9.9\repo\org\springframework\boot\spring-boot-starter-tomcat\3.4.3\spring-boot-starter-tomcat-3.4.3.jar;D:\maven\apache-maven-3.9.9\repo\org\apache\tomcat\embed\tomcat-embed-core\10.1.36\tomcat-embed-core-10.1.36.jar;D:\maven\apache-maven-3.9.9\repo\org\apache\tomcat\embed\tomcat-embed-websocket\10.1.36\tomcat-embed-websocket-10.1.36.jar;D:\maven\apache-maven-3.9.9\repo\org\springframework\spring-web\6.2.3\spring-web-6.2.3.jar;D:\maven\apache-maven-3.9.9\repo\org\springframework\spring-beans\6.2.3\spring-beans-6.2.3.jar;D:\maven\apache-maven-3.9.9\repo\io\micrometer\micrometer-observation\1.14.4\micrometer-observation-1.14.4.jar;D:\maven\apache-maven-3.9.9\repo\io\micrometer\micrometer-commons\1.14.4\micrometer-commons-1.14.4.jar;D:\maven\apache-maven-3.9.9\repo\org\springframework\spring-webmvc\6.2.3\spring-webmvc-6.2.3.jar;D:\maven\apache-maven-3.9.9\repo\org\springframework\spring-aop\6.2.3\spring-aop-6.2.3.jar;D:\maven\apache-maven-3.9.9\repo\org\springframework\spring-context\6.2.3\spring-context-6.2.3.jar;D:\maven\apache-maven-3.9.9\repo\org\springframework\spring-expression\6.2.3\spring-expression-6.2.3.jar;D:\maven\apache-maven-3.9.9\repo\org\mybatis\spring\boot\mybatis-spring-boot-starter\3.0.4\mybatis-spring-boot-starter-3.0.4.jar;D:\maven\apache-maven-3.9.9\repo\org\springframework\boot\spring-boot-starter-jdbc\3.4.3\spring-boot-starter-jdbc-3.4.3.jar;D:\maven\apache-maven-3.9.9\repo\com\zaxxer\HikariCP\5.1.0\HikariCP-5.1.0.jar;D:\maven\apache-maven-3.9.9\repo\org\springframework\spring-jdbc\6.2.3\spring-jdbc-6.2.3.jar;D:\maven\apache-maven-3.9.9\repo\org\mybatis\spring\boot\mybatis-spring-boot-autoconfigure\3.0.4\mybatis-spring-boot-autoconfigure-3.0.4.jar;D:\maven\apache-maven-3.9.9\repo\org\mybatis\mybatis\3.5.17\mybatis-3.5.17.jar;D:\maven\apache-maven-3.9.9\repo\org\mybatis\mybatis-spring\3.0.4\mybatis-spring-3.0.4.jar;D:\maven\apache-maven-3.9.9\repo\com\mysql\mysql-connector-j\9.1.0\mysql-connector-j-9.1.0.jar;D:\maven\apache-maven-3.9.9\repo\org\projectlombok\lombok\1.18.36\lombok-1.18.36.jar;D:\maven\apache-maven-3.9.9\repo\org\springframework\boot\spring-boot-starter-validation\3.4.3\spring-boot-starter-validation-3.4.3.jar;D:\maven\apache-maven-3.9.9\repo\org\apache\tomcat\embed\tomcat-embed-el\10.1.36\tomcat-embed-el-10.1.36.jar;D:\maven\apache-maven-3.9.9\repo\org\hibernate\validator\hibernate-validator\8.0.2.Final\hibernate-validator-8.0.2.Final.jar;D:\maven\apache-maven-3.9.9\repo\jakarta\validation\jakarta.validation-api\3.0.2\jakarta.validation-api-3.0.2.jar;D:\maven\apache-maven-3.9.9\repo\org\jboss\logging\jboss-logging\3.6.1.Final\jboss-logging-3.6.1.Final.jar;D:\maven\apache-maven-3.9.9\repo\com\fasterxml\classmate\1.7.0\classmate-1.7.0.jar;D:\maven\apache-maven-3.9.9\repo\com\auth0\java-jwt\4.4.0\java-jwt-4.4.0.jar;D:\maven\apache-maven-3.9.9\repo\com\fasterxml\jackson\core\jackson-databind\2.18.2\jackson-databind-2.18.2.jar;D:\maven\apache-maven-3.9.9\repo\com\fasterxml\jackson\core\jackson-annotations\2.18.2\jackson-annotations-2.18.2.jar;D:\maven\apache-maven-3.9.9\repo\com\fasterxml\jackson\core\jackson-core\2.18.2\jackson-core-2.18.2.jar;D:\maven\apache-maven-3.9.9\repo\org\springframework\boot\spring-boot-starter-test\3.4.3\spring-boot-starter-test-3.4.3.jar;D:\maven\apache-maven-3.9.9\repo\org\springframework\boot\spring-boot-test\3.4.3\spring-boot-test-3.4.3.jar;D:\maven\apache-maven-3.9.9\repo\org\springframework\boot\spring-boot-test-autoconfigure\3.4.3\spring-boot-test-autoconfigure-3.4.3.jar;D:\maven\apache-maven-3.9.9\repo\com\jayway\jsonpath\json-path\2.9.0\json-path-2.9.0.jar;D:\maven\apache-maven-3.9.9\repo\org\slf4j\slf4j-api\2.0.16\slf4j-api-2.0.16.jar;D:\maven\apache-maven-3.9.9\repo\jakarta\xml\bind\jakarta.xml.bind-api\4.0.2\jakarta.xml.bind-api-4.0.2.jar;D:\maven\apache-maven-3.9.9\repo\jakarta\activation\jakarta.activation-api\2.1.3\jakarta.activation-api-2.1.3.jar;D:\maven\apache-maven-3.9.9\repo\net\minidev\json-smart\2.5.2\json-smart-2.5.2.jar;D:\maven\apache-maven-3.9.9\repo\net\minidev\accessors-smart\2.5.2\accessors-smart-2.5.2.jar;D:\maven\apache-maven-3.9.9\repo\org\ow2\asm\asm\9.7.1\asm-9.7.1.jar;D:\maven\apache-maven-3.9.9\repo\org\assertj\assertj-core\3.26.3\assertj-core-3.26.3.jar;D:\maven\apache-maven-3.9.9\repo\net\bytebuddy\byte-buddy\1.15.11\byte-buddy-1.15.11.jar;D:\maven\apache-maven-3.9.9\repo\org\awaitility\awaitility\4.2.2\awaitility-4.2.2.jar;D:\maven\apache-maven-3.9.9\repo\org\hamcrest\hamcrest\2.2\hamcrest-2.2.jar;D:\maven\apache-maven-3.9.9\repo\org\junit\jupiter\junit-jupiter\5.11.4\junit-jupiter-5.11.4.jar;D:\maven\apache-maven-3.9.9\repo\org\junit\jupiter\junit-jupiter-api\5.11.4\junit-jupiter-api-5.11.4.jar;D:\maven\apache-maven-3.9.9\repo\org\opentest4j\opentest4j\1.3.0\opentest4j-1.3.0.jar;D:\maven\apache-maven-3.9.9\repo\org\junit\platform\junit-platform-commons\1.11.4\junit-platform-commons-1.11.4.jar;D:\maven\apache-maven-3.9.9\repo\org\apiguardian\apiguardian-api\1.1.2\apiguardian-api-1.1.2.jar;D:\maven\apache-maven-3.9.9\repo\org\junit\jupiter\junit-jupiter-params\5.11.4\junit-jupiter-params-5.11.4.jar;D:\maven\apache-maven-3.9.9\repo\org\junit\jupiter\junit-jupiter-engine\5.11.4\junit-jupiter-engine-5.11.4.jar;D:\maven\apache-maven-3.9.9\repo\org\junit\platform\junit-platform-engine\1.11.4\junit-platform-engine-1.11.4.jar;D:\maven\apache-maven-3.9.9\repo\org\mockito\mockito-core\5.14.2\mockito-core-5.14.2.jar;D:\maven\apache-maven-3.9.9\repo\net\bytebuddy\byte-buddy-agent\1.15.11\byte-buddy-agent-1.15.11.jar;D:\maven\apache-maven-3.9.9\repo\org\objenesis\objenesis\3.3\objenesis-3.3.jar;D:\maven\apache-maven-3.9.9\repo\org\mockito\mockito-junit-jupiter\5.14.2\mockito-junit-jupiter-5.14.2.jar;D:\maven\apache-maven-3.9.9\repo\org\skyscreamer\jsonassert\1.5.3\jsonassert-1.5.3.jar;D:\maven\apache-maven-3.9.9\repo\com\vaadin\external\google\android-json\0.0.20131108.vaadin1\android-json-0.0.20131108.vaadin1.jar;D:\maven\apache-maven-3.9.9\repo\org\springframework\spring-core\6.2.3\spring-core-6.2.3.jar;D:\maven\apache-maven-3.9.9\repo\org\springframework\spring-jcl\6.2.3\spring-jcl-6.2.3.jar;D:\maven\apache-maven-3.9.9\repo\org\springframework\spring-test\6.2.3\spring-test-6.2.3.jar;D:\maven\apache-maven-3.9.9\repo\org\xmlunit\xmlunit-core\2.10.0\xmlunit-core-2.10.0.jar;D:\maven\apache-maven-3.9.9\repo\com\github\pagehelper\pagehelper-spring-boot-starter\1.4.7\pagehelper-spring-boot-starter-1.4.7.jar;D:\maven\apache-maven-3.9.9\repo\com\github\pagehelper\pagehelper-spring-boot-autoconfigure\1.4.7\pagehelper-spring-boot-autoconfigure-1.4.7.jar;D:\maven\apache-maven-3.9.9\repo\com\github\pagehelper\pagehelper\5.3.3\pagehelper-5.3.3.jar;D:\maven\apache-maven-3.9.9\repo\com\github\jsqlparser\jsqlparser\4.5\jsqlparser-4.5.jar;D:\maven\apache-maven-3.9.9\repo\org\springframework\boot\spring-boot-starter-data-redis\3.4.3\spring-boot-starter-data-redis-3.4.3.jar;D:\maven\apache-maven-3.9.9\repo\io\lettuce\lettuce-core\6.4.2.RELEASE\lettuce-core-6.4.2.RELEASE.jar;D:\maven\apache-maven-3.9.9\repo\io\netty\netty-common\4.1.118.Final\netty-common-4.1.118.Final.jar;D:\maven\apache-maven-3.9.9\repo\io\netty\netty-handler\4.1.118.Final\netty-handler-4.1.118.Final.jar;D:\maven\apache-maven-3.9.9\repo\io\netty\netty-resolver\4.1.118.Final\netty-resolver-4.1.118.Final.jar;D:\maven\apache-maven-3.9.9\repo\io\netty\netty-buffer\4.1.118.Final\netty-buffer-4.1.118.Final.jar;D:\maven\apache-maven-3.9.9\repo\io\netty\netty-transport-native-unix-common\4.1.118.Final\netty-transport-native-unix-common-4.1.118.Final.jar;D:\maven\apache-maven-3.9.9\repo\io\netty\netty-codec\4.1.118.Final\netty-codec-4.1.118.Final.jar;D:\maven\apache-maven-3.9.9\repo\io\netty\netty-transport\4.1.118.Final\netty-transport-4.1.118.Final.jar;D:\maven\apache-maven-3.9.9\repo\io\projectreactor\reactor-core\3.7.3\reactor-core-3.7.3.jar;D:\maven\apache-maven-3.9.9\repo\org\reactivestreams\reactive-streams\1.0.4\reactive-streams-1.0.4.jar;D:\maven\apache-maven-3.9.9\repo\org\springframework\data\spring-data-redis\3.4.3\spring-data-redis-3.4.3.jar;D:\maven\apache-maven-3.9.9\repo\org\springframework\data\spring-data-keyvalue\3.4.3\spring-data-keyvalue-3.4.3.jar;D:\maven\apache-maven-3.9.9\repo\org\springframework\data\spring-data-commons\3.4.3\spring-data-commons-3.4.3.jar;D:\maven\apache-maven-3.9.9\repo\org\springframework\spring-tx\6.2.3\spring-tx-6.2.3.jar;D:\maven\apache-maven-3.9.9\repo\org\springframework\spring-oxm\6.2.3\spring-oxm-6.2.3.jar;D:\maven\apache-maven-3.9.9\repo\org\springframework\spring-context-support\6.2.3\spring-context-support-6.2.3.jar;"/>
    <property name="sun.cpu.endian" value="little"/>
    <property name="user.home" value="C:\Users\GHOST"/>
    <property name="user.language" value="zh"/>
    <property name="java.specification.vendor" value="Oracle Corporation"/>
    <property name="java.version.date" value="2023-08-24"/>
    <property name="java.home" value="C:\Program Files\Microsoft\jdk-17.0.8.101-hotspot"/>
    <property name="file.separator" value="\"/>
    <property name="basedir" value="D:\Project\SecondHandHub\backend\second_hand"/>
    <property name="java.vm.compressedOopsMode" value="Zero based"/>
    <property name="line.separator" value="&#10;"/>
    <property name="java.vm.specification.vendor" value="Oracle Corporation"/>
    <property name="java.specification.name" value="Java Platform API Specification"/>
    <property name="FILE_LOG_CHARSET" value="GBK"/>
    <property name="java.awt.headless" value="true"/>
    <property name="surefire.real.class.path" value="C:\Users\GHOST\AppData\Local\Temp\surefire5288626919289895269\surefirebooter-20250304003328367_3.jar"/>
    <property name="user.script" value=""/>
    <property name="sun.management.compiler" value="HotSpot 64-Bit Tiered Compilers"/>
    <property name="java.runtime.version" value="17.0.8.1+1-LTS"/>
    <property name="user.name" value="GHOST"/>
    <property name="path.separator" value=";"/>
    <property name="os.version" value="10.0"/>
    <property name="java.runtime.name" value="OpenJDK Runtime Environment"/>
    <property name="file.encoding" value="GBK"/>
    <property name="java.vm.name" value="OpenJDK 64-Bit Server VM"/>
    <property name="java.vendor.version" value="Microsoft-8297089"/>
    <property name="localRepository" value="D:\maven\apache-maven-3.9.9\repo"/>
    <property name="java.vendor.url.bug" value="https://github.com/microsoft/openjdk/issues"/>
    <property name="java.io.tmpdir" value="C:\Users\GHOST\AppData\Local\Temp\"/>
    <property name="idea.version" value="2024.3.3"/>
    <property name="java.version" value="17.0.8.1"/>
    <property name="user.dir" value="D:\Project\SecondHandHub\backend\second_hand"/>
    <property name="os.arch" value="amd64"/>
    <property name="java.vm.specification.name" value="Java Virtual Machine Specification"/>
    <property name="PID" value="42964"/>
    <property name="sun.os.patch.level" value=""/>
    <property name="CONSOLE_LOG_CHARSET" value="GBK"/>
    <property name="native.encoding" value="GBK"/>
    <property name="java.library.path" value="C:\Program Files\Microsoft\jdk-17.0.8.101-hotspot\bin;C:\WINDOWS\Sun\Java\bin;C:\WINDOWS\system32;C:\WINDOWS;C:\Program Files (x86)\Common Files\Oracle\Java\java8path;C:\Program Files (x86)\Common Files\Oracle\Java\javapath;D:\Program Files (x86)\VMware\VMware Workstation\bin\;C:\Program Files\Microsoft\jdk-17.0.8.101-hotspot\bin;C:\Windows\system32;C:\Windows;C:\Windows\System32\Wbem;C:\Windows\System32\WindowsPowerShell\v1.0\;C:\Windows\System32\OpenSSH\;C:\Program Files\dotnet\;C:\Program Files (x86)\NVIDIA Corporation\PhysX\Common;C:\Program Files\NVIDIA Corporation\NVIDIA NvDLISR;C:\msys64\home\GHOST;C:\mingw64\bin;C:\Anaconda;C:\Anaconda\Scripts;C:\Anaconda\Library\mingw-w64\bin;C:\Anaconda\Library\usr\bin;C:\Anaconda\Library\bin;C:\Program Files\Java\jdk-1.8\bin;C:\Program Files (x86)\Tencent\脦垄脨脜web驴陋路垄脮脽鹿陇戮脽\dll;C:\Pro;ram Files\nodejs\;D:\GitAn\Git\cmd;D:\LaTex\texlive\2024\bin\windows;C:\Program Files\nodejs\;C:\Program Files\Docker\Docker\resources\bin;C:\Program Files\Go\bin;C:\WINDOWS\system32;C:\WINDOWS;C:\WINDOWS\System32\Wbem;C:\WINDOWS\System32\WindowsPowerShell\v1.0\;C:\WINDOWS\System32\OpenSSH\;C:\Program Files\MySQL\MySQL Server 8.0\bin\;D:\maven\apache-maven-3.9.9\bin;C:\Users\GHOST\AppData\Local\Programs\Python\Python311\Scripts\;C:\Users\GHOST\AppData\Local\Programs\Python\Python311\;C:\Users\GHOST\AppData\Local\Microsoft\WindowsApps;C:\msys64\home;C:\Users\GHOST\AppData\Roaming\npm;C:\Users\GHOST\AppData\Local\Microsoft\WinGet\Packages\JernejSimoncic.Wget_Microsoft.Winget.Source_8wekyb3d8bbwe;C:\Users\GHOST\go\bin;C:\Users\GHOST\AppData\Local\Programs\Microsoft VS Code\bin;C:\Program Files\JetBrains\DataGrip 2024.3.4\bin;;C:\Program Files\JetBrains\IntelliJ IDEA 2024.3.3\bin;;."/>
    <property name="java.vm.info" value="mixed mode, sharing"/>
    <property name="java.vendor" value="Microsoft"/>
    <property name="java.vm.version" value="17.0.8.1+1-LTS"/>
    <property name="sun.io.unicode.encoding" value="UnicodeLittle"/>
    <property name="maven.repo.local" value="D:\maven\apache-maven-3.9.9\repo"/>
    <property name="java.class.version" value="61.0"/>
  </properties>
  <testcase name="testThreadLocalSetAndGet" classname="com.GHOST.ThreadLocalTest" time="0.004">
    <system-out><![CDATA[Thread-1 : ThreadLocal-1 Value
Thread-1 : ThreadLocal-1 Value
Thread-1 : ThreadLocal-1 Value
Thread-2 : ThreadLocal-2 Value
Thread-2 : ThreadLocal-2 Value
]]></system-out>
  </testcase>
</testsuite>